# JRE version: OpenJDK Runtime Environment Temurin-25.0.2+10 (25.0.2+10) (build 25.0.2+10-LTS)
# Java VM: OpenJDK 64-Bit Server VM Temurin-25.0.2+10 (25.0.2+10-LTS, mixed mode, sharing, tiered, compressed oops, compressed class ptrs, serial gc, windows-amd64)
GC Precious Log:
 CardTable entry size: 512
 CPUs: 12 total, 12 available
 Memory: 16255M
 Large Page Support: Disabled
 NUMA Support: Disabled
 Compressed Oops: Enabled (32-bit)
 Heap Min Capacity: 32M
 Heap Initial Capacity: 32M
 Heap Max Capacity: 128M
 Pre-touch: Disabled
Heap:
 DefNew     total 38080K, used 2151K [0x00000000f8000000, 0x00000000fa950000, 0x00000000faaa0000)
  eden space 33856K,   6% used [0x00000000f8000000, 0x00000000f8219da8, 0x00000000fa110000)
  from space 4224K,   0% used [0x00000000fa110000, 0x00000000fa110000, 0x00000000fa530000)
  to   space 4224K,   0% used [0x00000000fa530000, 0x00000000fa530000, 0x00000000fa950000)
 Tenured    total 84504K, used 26613K [0x00000000faaa0000, 0x00000000ffd26000, 0x0000000100000000)
  the  space 84504K,  31% used [0x00000000faaa0000, 0x00000000fc49d4a0, 0x00000000ffd26000)
GC Heap Usage History (20 events):
Event: 2.848 {heap Before GC invocations=22 (full 0):
 DefNew     total 9792K, used 5547K [0x00000000f8000000, 0x00000000f8aa0000, 0x00000000faaa0000)
  eden space 8704K,  55% used [0x00000000f8000000, 0x00000000f84c2148, 0x00000000f8880000)
  from space 1088K,  62% used [0x00000000f8880000, 0x00000000f8928ce8, 0x00000000f8990000)
  to   space 1088K,   0% used [0x00000000f8990000, 0x00000000f8990000, 0x00000000f8aa0000)
 Tenured    total 21888K, used 16492K [0x00000000faaa0000, 0x00000000fc000000, 0x0000000100000000)
 Event: 2.850 {heap After GC invocations=23 (full 0):
 DefNew     total 9792K, used 1087K [0x00000000f8000000, 0x00000000f8aa0000, 0x00000000faaa0000)
  eden space 8704K,   0% used [0x00000000f8000000, 0x00000000f8000000, 0x00000000f8880000)
  from space 1088K,  99% used [0x00000000f8990000, 0x00000000f8a9fff8, 0x00000000f8aa0000)
  to   space 1088K,   0% used [0x00000000f8880000, 0x00000000f8880000, 0x00000000f8990000)
 Tenured    total 21888K, used 16796K [0x00000000faaa0000, 0x00000000fc000000, 0x0000000100000000)
  Event: 2.851 {heap Before GC invocations=23 (full 0):
 DefNew     total 9792K, used 8939K [0x00000000f8000000, 0x00000000f8aa0000, 0x00000000faaa0000)
  eden space 8704K,  90% used [0x00000000f8000000, 0x00000000f87aace0, 0x00000000f8880000)
  from space 1088K,  99% used [0x00000000f8990000, 0x00000000f8a9fff8, 0x00000000f8aa0000)
  to   space 1088K,   0% used [0x00000000f8880000, 0x00000000f8880000, 0x00000000f8990000)
 Tenured    total 21888K, used 16796K [0x00000000faaa0000, 0x00000000fc000000, 0x0000000100000000)
 Event: 2.855 {heap After GC invocations=24 (full 0):
 DefNew     total 9792K, used 0K [0x00000000f8000000, 0x00000000f8aa0000, 0x00000000faaa0000)
  eden space 8704K,   0% used [0x00000000f8000000, 0x00000000f8000000, 0x00000000f8880000)
  from space 1088K,   0% used [0x00000000f8880000, 0x00000000f8880038, 0x00000000f8990000)
  to   space 1088K,   0% used [0x00000000f8990000, 0x00000000f8990000, 0x00000000f8aa0000)
 Tenured    total 29572K, used 25564K [0x00000000faaa0000, 0x00000000fc781000, 0x0000000100000000)
  theEvent: 2.860 {heap Before GC invocations=24 (full 0):
 DefNew     total 9792K, used 170K [0x00000000f8000000, 0x00000000f8aa0000, 0x00000000faaa0000)
  eden space 8704K,   1% used [0x00000000f8000000, 0x00000000f802ab98, 0x00000000f8880000)
  from space 1088K,   0% used [0x00000000f8880000, 0x00000000f8880038, 0x00000000f8990000)
  to   space 1088K,   0% used [0x00000000f8990000, 0x00000000f8990000, 0x00000000f8aa0000)
 Tenured    total 41096K, used 37084K [0x00000000faaa0000, 0x00000000fd2c2000, 0x0000000100000000)
  Event: 2.860 {heap After GC invocations=25 (full 0):
 DefNew     total 9792K, used 0K [0x00000000f8000000, 0x00000000f8aa0000, 0x00000000faaa0000)
  eden space 8704K,   0% used [0x00000000f8000000, 0x00000000f8000000, 0x00000000f8880000)
  from space 1088K,   0% used [0x00000000f8990000, 0x00000000f8990070, 0x00000000f8aa0000)
  to   space 1088K,   0% used [0x00000000f8880000, 0x00000000f8880000, 0x00000000f8990000)
 Tenured    total 41096K, used 37084K [0x00000000faaa0000, 0x00000000fd2c2000, 0x0000000100000000)
  theEvent: 2.867 {heap Before GC invocations=25 (full 0):
 DefNew     total 9792K, used 7850K [0x00000000f8000000, 0x00000000f8aa0000, 0x00000000faaa0000)
  eden space 8704K,  90% used [0x00000000f8000000, 0x00000000f87aab88, 0x00000000f8880000)
  from space 1088K,   0% used [0x00000000f8990000, 0x00000000f8990070, 0x00000000f8aa0000)
  to   space 1088K,   0% used [0x00000000f8880000, 0x00000000f8880000, 0x00000000f8990000)
 Tenured    total 52620K, used 48604K [0x00000000faaa0000, 0x00000000fde03000, 0x0000000100000000)
 Event: 2.870 {heap After GC invocations=26 (full 0):
 DefNew     total 9792K, used 43K [0x00000000f8000000, 0x00000000f8aa0000, 0x00000000faaa0000)
  eden space 8704K,   0% used [0x00000000f8000000, 0x00000000f8000000, 0x00000000f8880000)
  from space 1088K,   4% used [0x00000000f8880000, 0x00000000f888afa8, 0x00000000f8990000)
  to   space 1088K,   0% used [0x00000000f8990000, 0x00000000f8990000, 0x00000000f8aa0000)
 Tenured    total 60304K, used 56284K [0x00000000faaa0000, 0x00000000fe584000, 0x0000000100000000)
  thEvent: 2.875 {heap Before GC invocations=26 (full 0):
 DefNew     total 9792K, used 215K [0x00000000f8000000, 0x00000000f8aa0000, 0x00000000faaa0000)
  eden space 8704K,   1% used [0x00000000f8000000, 0x00000000f802b020, 0x00000000f8880000)
  from space 1088K,   4% used [0x00000000f8880000, 0x00000000f888afa8, 0x00000000f8990000)
  to   space 1088K,   0% used [0x00000000f8990000, 0x00000000f8990000, 0x00000000f8aa0000)
 Tenured    total 71828K, used 67804K [0x00000000faaa0000, 0x00000000ff0c5000, 0x0000000100000000)
  Event: 2.875 {heap After GC invocations=27 (full 0):
 DefNew     total 9792K, used 43K [0x00000000f8000000, 0x00000000f8aa0000, 0x00000000faaa0000)
  eden space 8704K,   0% used [0x00000000f8000000, 0x00000000f8000000, 0x00000000f8880000)
  from space 1088K,   4% used [0x00000000f8990000, 0x00000000f899afe0, 0x00000000f8aa0000)
  to   space 1088K,   0% used [0x00000000f8880000, 0x00000000f8880000, 0x00000000f8990000)
 Tenured    total 71828K, used 67804K [0x00000000faaa0000, 0x00000000ff0c5000, 0x0000000100000000)
  thEvent: 2.952 {heap Before GC invocations=27 (full 0):
 DefNew     total 9792K, used 8747K [0x00000000f8000000, 0x00000000f8aa0000, 0x00000000faaa0000)
  eden space 8704K, 100% used [0x00000000f8000000, 0x00000000f8880000, 0x00000000f8880000)
  from space 1088K,   4% used [0x00000000f8990000, 0x00000000f899afe0, 0x00000000f8aa0000)
  to   space 1088K,   0% used [0x00000000f8880000, 0x00000000f8880000, 0x00000000f8990000)
 Tenured    total 83352K, used 79324K [0x00000000faaa0000, 0x00000000ffc06000, 0x0000000100000000)
 Event: 2.953 {heap After GC invocations=28 (full 0):
 DefNew     total 9792K, used 363K [0x00000000f8000000, 0x00000000f8aa0000, 0x00000000faaa0000)
  eden space 8704K,   0% used [0x00000000f8000000, 0x00000000f8000000, 0x00000000f8880000)
  from space 1088K,  33% used [0x00000000f8880000, 0x00000000f88dafb0, 0x00000000f8990000)
  to   space 1088K,   0% used [0x00000000f8990000, 0x00000000f8990000, 0x00000000f8aa0000)
 Tenured    total 83352K, used 79324K [0x00000000faaa0000, 0x00000000ffc06000, 0x0000000100000000)
  tEvent: 3.126 {heap Before GC invocations=28 (full 0):
 DefNew     total 9792K, used 9067K [0x00000000f8000000, 0x00000000f8aa0000, 0x00000000faaa0000)
  eden space 8704K, 100% used [0x00000000f8000000, 0x00000000f8880000, 0x00000000f8880000)
  from space 1088K,  33% used [0x00000000f8880000, 0x00000000f88dafb0, 0x00000000f8990000)
  to   space 1088K,   0% used [0x00000000f8990000, 0x00000000f8990000, 0x00000000f8aa0000)
 Tenured    total 83352K, used 79324K [0x00000000faaa0000, 0x00000000ffc06000, 0x0000000100000000)
 Event: 3.129 {heap After GC invocations=29 (full 0):
 DefNew     total 9792K, used 1045K [0x00000000f8000000, 0x00000000f8aa0000, 0x00000000faaa0000)
  eden space 8704K,   0% used [0x00000000f8000000, 0x00000000f8000000, 0x00000000f8880000)
  from space 1088K,  96% used [0x00000000f8990000, 0x00000000f8a95778, 0x00000000f8aa0000)
  to   space 1088K,   0% used [0x00000000f8880000, 0x00000000f8880000, 0x00000000f8990000)
 Tenured    total 83352K, used 79324K [0x00000000faaa0000, 0x00000000ffc06000, 0x0000000100000000)
  Event: 3.228 {heap Before GC invocations=29 (full 0):
 DefNew     total 9792K, used 9746K [0x00000000f8000000, 0x00000000f8aa0000, 0x00000000faaa0000)
  eden space 8704K,  99% used [0x00000000f8000000, 0x00000000f887f148, 0x00000000f8880000)
  from space 1088K,  96% used [0x00000000f8990000, 0x00000000f8a95778, 0x00000000f8aa0000)
  to   space 1088K,   0% used [0x00000000f8880000, 0x00000000f8880000, 0x00000000f8990000)
 Tenured    total 83352K, used 79324K [0x00000000faaa0000, 0x00000000ffc06000, 0x0000000100000000)
 Event: 3.231 {heap After GC invocations=30 (full 0):
 DefNew     total 9792K, used 1088K [0x00000000f8000000, 0x00000000f8aa0000, 0x00000000faaa0000)
  eden space 8704K,   0% used [0x00000000f8000000, 0x00000000f8000000, 0x00000000f8880000)
  from space 1088K, 100% used [0x00000000f8880000, 0x00000000f8990000, 0x00000000f8990000)
  to   space 1088K,   0% used [0x00000000f8990000, 0x00000000f8990000, 0x00000000f8aa0000)
 Tenured    total 83352K, used 80398K [0x00000000faaa0000, 0x00000000ffc06000, 0x0000000100000000)
  Event: 3.306 {heap Before GC invocations=30 (full 0):
 DefNew     total 9792K, used 9792K [0x00000000f8000000, 0x00000000f8aa0000, 0x00000000faaa0000)
  eden space 8704K, 100% used [0x00000000f8000000, 0x00000000f8880000, 0x00000000f8880000)
  from space 1088K, 100% used [0x00000000f8880000, 0x00000000f8990000, 0x00000000f8990000)
  to   space 1088K,   0% used [0x00000000f8990000, 0x00000000f8990000, 0x00000000f8aa0000)
 Tenured    total 83352K, used 80398K [0x00000000faaa0000, 0x00000000ffc06000, 0x0000000100000000)
 Event: 3.318 {heap After GC invocations=31 (full 0):
 DefNew     total 9792K, used 1088K [0x00000000f8000000, 0x00000000f8aa0000, 0x00000000faaa0000)
  eden space 8704K,   0% used [0x00000000f8000000, 0x00000000f8000000, 0x00000000f8880000)
  from space 1088K, 100% used [0x00000000f8990000, 0x00000000f8aa0000, 0x00000000f8aa0000)
  to   space 1088K,   0% used [0x00000000f8880000, 0x00000000f8880000, 0x00000000f8990000)
 Tenured    total 84504K, used 84484K [0x00000000faaa0000, 0x00000000ffd26000, 0x0000000100000000)
  Event: 3.367 {heap Before GC invocations=31 (full 0):
 DefNew     total 9792K, used 9792K [0x00000000f8000000, 0x00000000f8aa0000, 0x00000000faaa0000)
  eden space 8704K, 100% used [0x00000000f8000000, 0x00000000f8880000, 0x00000000f8880000)
  from space 1088K, 100% used [0x00000000f8990000, 0x00000000f8aa0000, 0x00000000f8aa0000)
  to   space 1088K,   0% used [0x00000000f8880000, 0x00000000f8880000, 0x00000000f8990000)
 Tenured    total 84504K, used 84484K [0x00000000faaa0000, 0x00000000ffd26000, 0x0000000100000000)
 Event: 3.410 {heap After GC invocations=32 (full 1):
 DefNew     total 38080K, used 0K [0x00000000f8000000, 0x00000000fa950000, 0x00000000faaa0000)
  eden space 33856K,   0% used [0x00000000f8000000, 0x00000000f8000000, 0x00000000fa110000)
  from space 4224K,   0% used [0x00000000fa110000, 0x00000000fa110000, 0x00000000fa530000)
  to   space 4224K,   0% used [0x00000000fa530000, 0x00000000fa530000, 0x00000000fa950000)
 Tenured    total 84504K, used 26613K [0x00000000faaa0000, 0x00000000ffd26000, 0x0000000100000000)
  t
Metaspace Usage History (20 events):
Event: 2.848 {metaspace Before GC invocations=22 (full 0):
 Metaspace       used 16996K, committed 17216K, reserved 147456K
  class space    used 2027K, committed 2112K, reserved 81920K
}
Event: 2.850 {metaspace After GC invocations=23 (full 0):
 Metaspace       used 16996K, committed 17216K, reserved 147456K
  class space    used 2027K, committed 2112K, reserved 81920K
}
Event: 2.851 {metaspace Before GC invocations=23 (full 0):
 Metaspace       used 16996K, committed 17216K, reserved 147456K
  class space    used 2027K, committed 2112K, reserved 81920K
}
Event: 2.855 {metaspace After GC invocations=24 (full 0):
 Metaspace       used 16996K, committed 17216K, reserved 147456K
  class space    used 2027K, committed 2112K, reserved 81920K
}
Event: 2.860 {metaspace Before GC invocations=24 (full 0):
 Metaspace       used 16996K, committed 17216K, reserved 147456K
  class space    used 2027K, committed 2112K, reserved 81920K
}
Event: 2.860 {metaspace After GC invocations=25 (full 0):
 Metaspace       used 16996K, committed 17216K, reserved 147456K
  class space    used 2027K, committed 2112K, reserved 81920K
}
Event: 2.867 {metaspace Before GC invocations=25 (full 0):
 Metaspace       used 17012K, committed 17280K, reserved 147456K
  class space    used 2029K, committed 2112K, reserved 81920K
}
Event: 2.870 {metaspace After GC invocations=26 (full 0):
 Metaspace       used 17012K, committed 17280K, reserved 147456K
  class space    used 2029K, committed 2112K, reserved 81920K
}
Event: 2.875 {metaspace Before GC invocations=26 (full 0):
 Metaspace       used 17012K, committed 17280K, reserved 147456K
  class space    used 2029K, committed 2112K, reserved 81920K
}
Event: 2.875 {metaspace After GC invocations=27 (full 0):
 Metaspace       used 17012K, committed 17280K, reserved 147456K
  class space    used 2029K, committed 2112K, reserved 81920K
}
Event: 2.952 {metaspace Before GC invocations=27 (full 0):
 Metaspace       used 17181K, committed 17472K, reserved 147456K
  class space    used 2039K, committed 2176K, reserved 81920K
}
Event: 2.953 {metaspace After GC invocations=28 (full 0):
 Metaspace       used 17181K, committed 17472K, reserved 147456K
  class space    used 2039K, committed 2176K, reserved 81920K
}
Event: 3.126 {metaspace Before GC invocations=28 (full 0):
 Metaspace       used 19546K, committed 19840K, reserved 147456K
  class space    used 2328K, committed 2496K, reserved 81920K
}
Event: 3.129 {metaspace After GC invocations=29 (full 0):
 Metaspace       used 19546K, committed 19840K, reserved 147456K
  class space    used 2328K, committed 2496K, reserved 81920K
}
Event: 3.228 {metaspace Before GC invocations=29 (full 0):
 Metaspace       used 19569K, committed 19904K, reserved 147456K
  class space    used 2329K, committed 2496K, reserved 81920K
}
Event: 3.231 {metaspace After GC invocations=30 (full 0):
 Metaspace       used 19569K, committed 19904K, reserved 147456K
  class space    used 2329K, committed 2496K, reserved 81920K
}
Event: 3.306 {metaspace Before GC invocations=30 (full 0):
 Metaspace       used 19754K, committed 20032K, reserved 147456K
  class space    used 2355K, committed 2496K, reserved 81920K
}
Event: 3.318 {metaspace After GC invocations=31 (full 0):
 Metaspace       used 19754K, committed 20032K, reserved 147456K
  class space    used 2355K, committed 2496K, reserved 81920K
}
Event: 3.367 {metaspace Before GC invocations=31 (full 0):
 Metaspace       used 20069K, committed 20352K, reserved 147456K
  class space    used 2384K, committed 2496K, reserved 81920K
}
Event: 3.410 {metaspace After GC invocations=32 (full 1):
 Metaspace       used 20069K, committed 20352K, reserved 147456K
  class space    used 2384K, committed 2496K, reserved 81920K
}

