# JRE version: OpenJDK Runtime Environment Temurin-25.0.2+10 (25.0.2+10) (build 25.0.2+10-LTS)
# Java VM: OpenJDK 64-Bit Server VM Temurin-25.0.2+10 (25.0.2+10-LTS, mixed mode, emulated-client, sharing, tiered, compressed oops, compressed class ptrs, g1 gc, windows-amd64)
GC Precious Log:
 CardTable entry size: 512
 Card Set container configuration: InlinePtr #cards 4 size 8 Array Of Cards #cards 16 size 48 Howl #buckets 8 coarsen threshold 3686 Howl Bitmap #cards 512 size 80 coarsen threshold 460 Card regions per heap region 1 cards per card region 4096
 CPUs: 12 total, 12 available
 Memory: 16255M
 Large Page Support: Disabled
 NUMA Support: Disabled
 Compressed Oops: Enabled (Zero based)
 Heap Region Size: 2M
 Heap Min Capacity: 8M
 Heap Initial Capacity: 254M
 Heap Max Capacity: 4064M
 Pre-touch: Disabled
 Parallel Workers: 10
 Concurrent Workers: 3
 Concurrent Refinement Workers: 10
 Periodic GC: Disabled
Heap:
 garbage-first heap   total reserved 4161536K, committed 88064K, used 59238K [0x0000000702000000, 0x0000000800000000)
  region size 2048K, 8 young (16384K), 2 survivors (4096K)
GC Heap Usage History (20 events):
Event: 4.467 {heap After GC invocations=10 (full 0):
 garbage-first heap   total reserved 4161536K, committed 81920K, used 33804K [0x0000000702000000, 0x0000000800000000)
  region size 2048K, 3 young (6144K), 3 survivors (6144K)
}
Event: 5.119 {heap Before GC invocations=10 (full 0):
 garbage-first heap   total reserved 4161536K, committed 81920K, used 68620K [0x0000000702000000, 0x0000000800000000)
  region size 2048K, 20 young (40960K), 3 survivors (6144K)
}
Event: 5.123 {heap After GC invocations=11 (full 0):
 garbage-first heap   total reserved 4161536K, committed 81920K, used 36338K [0x0000000702000000, 0x0000000800000000)
  region size 2048K, 3 young (6144K), 3 survivors (6144K)
}
Event: 5.390 {heap Before GC invocations=11 (full 0):
 garbage-first heap   total reserved 4161536K, committed 81920K, used 46578K [0x0000000702000000, 0x0000000800000000)
  region size 2048K, 10 young (20480K), 3 survivors (6144K)
}
Event: 5.394 {heap After GC invocations=12 (full 0):
 garbage-first heap   total reserved 4161536K, committed 81920K, used 37002K [0x0000000702000000, 0x0000000800000000)
  region size 2048K, 2 young (4096K), 2 survivors (4096K)
}
Event: 6.094 {heap Before GC invocations=13 (full 0):
 garbage-first heap   total reserved 4161536K, committed 81920K, used 71818K [0x0000000702000000, 0x0000000800000000)
  region size 2048K, 19 young (38912K), 2 survivors (4096K)
}
Event: 6.097 {heap After GC invocations=14 (full 0):
 garbage-first heap   total reserved 4161536K, committed 81920K, used 38386K [0x0000000702000000, 0x0000000800000000)
  region size 2048K, 3 young (6144K), 3 survivors (6144K)
}
Event: 6.535 {heap Before GC invocations=14 (full 0):
 garbage-first heap   total reserved 4161536K, committed 81920K, used 69106K [0x0000000702000000, 0x0000000800000000)
  region size 2048K, 19 young (38912K), 3 survivors (6144K)
}
Event: 6.539 {heap After GC invocations=15 (full 0):
 garbage-first heap   total reserved 4161536K, committed 83968K, used 39634K [0x0000000702000000, 0x0000000800000000)
  region size 2048K, 3 young (6144K), 3 survivors (6144K)
}
Event: 6.954 {heap Before GC invocations=15 (full 0):
 garbage-first heap   total reserved 4161536K, committed 83968K, used 72402K [0x0000000702000000, 0x0000000800000000)
  region size 2048K, 19 young (38912K), 3 survivors (6144K)
}
Event: 6.957 {heap After GC invocations=16 (full 0):
 garbage-first heap   total reserved 4161536K, committed 83968K, used 42296K [0x0000000702000000, 0x0000000800000000)
  region size 2048K, 3 young (6144K), 3 survivors (6144K)
}
Event: 7.287 {heap Before GC invocations=16 (full 0):
 garbage-first heap   total reserved 4161536K, committed 83968K, used 73016K [0x0000000702000000, 0x0000000800000000)
  region size 2048K, 18 young (36864K), 3 survivors (6144K)
}
Event: 7.290 {heap After GC invocations=17 (full 0):
 garbage-first heap   total reserved 4161536K, committed 83968K, used 44220K [0x0000000702000000, 0x0000000800000000)
  region size 2048K, 3 young (6144K), 3 survivors (6144K)
}
Event: 7.686 {heap Before GC invocations=18 (full 0):
 garbage-first heap   total reserved 4161536K, committed 83968K, used 74940K [0x0000000702000000, 0x0000000800000000)
  region size 2048K, 18 young (36864K), 3 survivors (6144K)
}
Event: 7.689 {heap After GC invocations=19 (full 0):
 garbage-first heap   total reserved 4161536K, committed 83968K, used 46262K [0x0000000702000000, 0x0000000800000000)
  region size 2048K, 2 young (4096K), 2 survivors (4096K)
}
Event: 8.079 {heap Before GC invocations=19 (full 0):
 garbage-first heap   total reserved 4161536K, committed 83968K, used 76982K [0x0000000702000000, 0x0000000800000000)
  region size 2048K, 17 young (34816K), 2 survivors (4096K)
}
Event: 8.083 {heap After GC invocations=20 (full 0):
 garbage-first heap   total reserved 4161536K, committed 88064K, used 48344K [0x0000000702000000, 0x0000000800000000)
  region size 2048K, 3 young (6144K), 3 survivors (6144K)
}
Event: 280.642 {heap Before GC invocations=20 (full 0):
 garbage-first heap   total reserved 4161536K, committed 88064K, used 77016K [0x0000000702000000, 0x0000000800000000)
  region size 2048K, 18 young (36864K), 3 survivors (6144K)
}
Event: 280.645 {heap After GC invocations=21 (full 0):
 garbage-first heap   total reserved 4161536K, committed 88064K, used 48998K [0x0000000702000000, 0x0000000800000000)
  region size 2048K, 2 young (4096K), 2 survivors (4096K)
}
Event: 434.180 {heap Before GC invocations=22 (full 0):
 garbage-first heap   total reserved 4161536K, committed 88064K, used 59238K [0x0000000702000000, 0x0000000800000000)
  region size 2048K, 8 young (16384K), 2 survivors (4096K)
}

