# JRE version: OpenJDK Runtime Environment Temurin-25.0.2+10 (25.0.2+10) (build 25.0.2+10-LTS)
# Java VM: OpenJDK 64-Bit Server VM Temurin-25.0.2+10 (25.0.2+10-LTS, mixed mode, sharing, tiered, compressed oops, compressed class ptrs, g1 gc, windows-amd64)
GC Precious Log:
 CardTable entry size: 512
 Card Set container configuration: InlinePtr #cards 5 size 8 Array Of Cards #cards 10 size 36 Howl #buckets 4 coarsen threshold 1843 Howl Bitmap #cards 512 size 80 coarsen threshold 460 Card regions per heap region 1 cards per card region 2048
 CPUs: 12 total, 12 available
 Memory: 16255M
 Large Page Support: Disabled
 NUMA Support: Disabled
 Compressed Oops: Enabled (32-bit)
 Heap Region Size: 1M
 Heap Min Capacity: 64M
 Heap Initial Capacity: 64M
 Heap Max Capacity: 256M
 Pre-touch: Disabled
 Parallel Workers: 10
 Concurrent Workers: 3
 Concurrent Refinement Workers: 10
 Periodic GC: Disabled
Heap:
 garbage-first heap   total reserved 262144K, committed 112640K, used 55522K [0x00000000f0000000, 0x0000000100000000)
  region size 1024K, 25 young (25600K), 2 survivors (2048K)
GC Heap Usage History (20 events):
Event: 1.395 {heap Before GC invocations=1 (full 0):
 garbage-first heap   total reserved 262144K, committed 67584K, used 32531K [0x00000000f0000000, 0x0000000100000000)
  region size 1024K, 31 young (31744K), 4 survivors (4096K)
}
Event: 1.404 {heap After GC invocations=2 (full 0):
 garbage-first heap   total reserved 262144K, committed 67584K, used 7076K [0x00000000f0000000, 0x0000000100000000)
  region size 1024K, 3 young (3072K), 3 survivors (3072K)
}
Event: 1.962 {heap Before GC invocations=2 (full 0):
 garbage-first heap   total reserved 262144K, committed 67584K, used 37796K [0x00000000f0000000, 0x0000000100000000)
  region size 1024K, 34 young (34816K), 3 survivors (3072K)
}
Event: 1.972 {heap After GC invocations=3 (full 0):
 garbage-first heap   total reserved 262144K, committed 67584K, used 11171K [0x00000000f0000000, 0x0000000100000000)
  region size 1024K, 5 young (5120K), 5 survivors (5120K)
}
Event: 2.457 {heap Before GC invocations=3 (full 0):
 garbage-first heap   total reserved 262144K, committed 67584K, used 44963K [0x00000000f0000000, 0x0000000100000000)
  region size 1024K, 38 young (38912K), 5 survivors (5120K)
}
Event: 2.466 {heap After GC invocations=4 (full 0):
 garbage-first heap   total reserved 262144K, committed 67584K, used 15244K [0x00000000f0000000, 0x0000000100000000)
  region size 1024K, 4 young (4096K), 4 survivors (4096K)
}
Event: 2.776 {heap Before GC invocations=4 (full 0):
 garbage-first heap   total reserved 262144K, committed 67584K, used 46988K [0x00000000f0000000, 0x0000000100000000)
  region size 1024K, 35 young (35840K), 4 survivors (4096K)
}
Event: 2.781 {heap After GC invocations=5 (full 0):
 garbage-first heap   total reserved 262144K, committed 67584K, used 17715K [0x00000000f0000000, 0x0000000100000000)
  region size 1024K, 3 young (3072K), 3 survivors (3072K)
}
Event: 3.201 {heap Before GC invocations=5 (full 0):
 garbage-first heap   total reserved 262144K, committed 67584K, used 50483K [0x00000000f0000000, 0x0000000100000000)
  region size 1024K, 35 young (35840K), 3 survivors (3072K)
}
Event: 3.205 {heap After GC invocations=6 (full 0):
 garbage-first heap   total reserved 262144K, committed 67584K, used 18296K [0x00000000f0000000, 0x0000000100000000)
  region size 1024K, 3 young (3072K), 3 survivors (3072K)
}
Event: 3.263 {heap Before GC invocations=6 (full 0):
 garbage-first heap   total reserved 262144K, committed 67584K, used 30584K [0x00000000f0000000, 0x0000000100000000)
  region size 1024K, 8 young (8192K), 3 survivors (3072K)
}
Event: 3.267 {heap After GC invocations=7 (full 0):
 garbage-first heap   total reserved 262144K, committed 67584K, used 27365K [0x00000000f0000000, 0x0000000100000000)
  region size 1024K, 3 young (3072K), 3 survivors (3072K)
}
Event: 3.267 {heap Before GC invocations=7 (full 0):
 garbage-first heap   total reserved 262144K, committed 67584K, used 39653K [0x00000000f0000000, 0x0000000100000000)
  region size 1024K, 4 young (4096K), 3 survivors (3072K)
}
Event: 3.270 {heap After GC invocations=8 (full 0):
 garbage-first heap   total reserved 262144K, committed 67584K, used 39388K [0x00000000f0000000, 0x0000000100000000)
  region size 1024K, 2 young (2048K), 2 survivors (2048K)
}
Event: 3.540 {heap Before GC invocations=9 (full 0):
 garbage-first heap   total reserved 262144K, committed 143360K, used 104924K [0x00000000f0000000, 0x0000000100000000)
  region size 1024K, 22 young (22528K), 2 survivors (2048K)
}
Event: 3.542 {heap After GC invocations=10 (full 0):
 garbage-first heap   total reserved 262144K, committed 143360K, used 20038K [0x00000000f0000000, 0x0000000100000000)
  region size 1024K, 2 young (2048K), 2 survivors (2048K)
}
Event: 4.517 {heap Before GC invocations=10 (full 0):
 garbage-first heap   total reserved 262144K, committed 143360K, used 98886K [0x00000000f0000000, 0x0000000100000000)
  region size 1024K, 79 young (80896K), 2 survivors (2048K)
}
Event: 4.523 {heap After GC invocations=11 (full 0):
 garbage-first heap   total reserved 262144K, committed 143360K, used 31523K [0x00000000f0000000, 0x0000000100000000)
  region size 1024K, 11 young (11264K), 11 survivors (11264K)
}
Event: 4.554 {heap Before GC invocations=11 (full 0):
 garbage-first heap   total reserved 262144K, committed 143360K, used 32547K [0x00000000f0000000, 0x0000000100000000)
  region size 1024K, 13 young (13312K), 11 survivors (11264K)
}
Event: 4.558 {heap After GC invocations=12 (full 0):
 garbage-first heap   total reserved 262144K, committed 143360K, used 32994K [0x00000000f0000000, 0x0000000100000000)
  region size 1024K, 2 young (2048K), 2 survivors (2048K)
}

